<?xml version="1.0" encoding="UTF-8"?>
<testng-results skipped="0" failed="0" ignored="0" total="1" passed="1">
  <reporter-output>
  </reporter-output>
  <suite name="Default suite" duration-ms="3737" started-at="2019-12-02T21:47:41Z" finished-at="2019-12-02T21:47:45Z">
    <groups>
    </groups>
    <test name="Default test" duration-ms="3737" started-at="2019-12-02T21:47:41Z" finished-at="2019-12-02T21:47:45Z">
      <class name="ResApiAssignment2.Title">
        <test-method status="PASS" signature="getUserId()[pri:0, instance:ResApiAssignment2.Title@56235b8e]" name="getUserId" duration-ms="3676" started-at="2019-12-02T21:47:41Z" finished-at="2019-12-02T21:47:45Z">
          <reporter-output>
          </reporter-output>
        </test-method> <!-- getUserId -->
      </class> <!-- ResApiAssignment2.Title -->
    </test> <!-- Default test -->
  </suite> <!-- Default suite -->
</testng-results>
